<?xml version="1.0" encoding="UTF-8"?>
<!-- Generated by org.testng.reporters.JUnitReportReporter -->
<testsuite hostname="DESKTOP-7OIQMB4" failures="0" tests="1" name="Functonaltesting.GetRequest" time="1.986" errors="0" timestamp="2021-09-30T17:43:12 IST" skipped="0">
  <testcase classname="Functonaltesting.GetRequest" name="getRequest" time="1.986"/>
  <system-out/>
</testsuite> <!-- Functonaltesting.GetRequest -->
