<?xml version="1.0" encoding="UTF-8"?>
<!-- Generated by org.testng.reporters.JUnitReportReporter -->
<testsuite hostname="DESKTOP-7OIQMB4" failures="0" tests="1" name="Functonaltesting.PstReq" time="2.136" errors="0" timestamp="2021-09-30T16:05:46 IST" skipped="0">
  <testcase classname="Functonaltesting.PstReq" name="PostReq" time="2.136"/>
  <system-out/>
</testsuite> <!-- Functonaltesting.PstReq -->
